<?xml version="1.0" encoding="UTF-8"?>
<testsuite xmlns:xsi="http://www.w3.org/2001/XMLSchema-instance" xsi:noNamespaceSchemaLocation="https://maven.apache.org/surefire/maven-surefire-plugin/xsd/surefire-test-report.xsd" name="org.apache.rat.mp.util.ScmIgnoreParserTest" time="0.015" tests="5" errors="0" skipped="0" failures="0">
  <properties>
[...]
</properties>
  <testcase name="parseAsNoComments" classname="org.apache.rat.mp.util.ScmIgnoreParserTest" time="0.011"/>
  <testcase name="parseAsComments" classname="org.apache.rat.mp.util.ScmIgnoreParserTest" time="0"/>
  <testcase name="parseFromTargetDirectoryHopefullyWithoutSCMIgnores" classname="org.apache.rat.mp.util.ScmIgnoreParserTest" time="0.001"/>
  <testcase name="parseFromNonExistingFileOrDirectoryOrNull" classname="org.apache.rat.mp.util.ScmIgnoreParserTest" time="0"/>
  <testcase name="parseFromEmptyIgnoreFile" classname="org.apache.rat.mp.util.ScmIgnoreParserTest" time="0.003"/>
</testsuite>